<?xml version="1.0" encoding="UTF-8"?>
<!-- Generated by org.testng.reporters.JUnitReportReporter -->
<testsuite hostname="DESKTOP" failures="0" tests="7" name="Parallel.TestNg_ParallelTestingTest" time="5.113" errors="7" timestamp="05 May 2023 17:27:08 GMT" skipped="0">
  <testcase classname="Parallel.TestNg_ParallelTestingTest" name="runScenario" time="0.721">
    <error message="Cannot invoke &quot;org.openqa.selenium.WebDriver.get(String)&quot; because the return value of &quot;com.qa.factory.DriverFactory.getDriver()&quot; is null" type="java.lang.NullPointerException">
      <![CDATA[java.lang.NullPointerException: Cannot invoke "org.openqa.selenium.WebDriver.get(String)" because the return value of "com.qa.factory.DriverFactory.getDriver()" is null
at Parallel.AccountPageSteps.user_is_already_logged_in_the_application(AccountPageSteps.java:24)
at ✽.User is already logged in the application(classpath:Parallel/MyAccount.feature:6)
]]>
    </error>
  </testcase> <!-- runScenario -->
  <testcase classname="Parallel.TestNg_ParallelTestingTest" name="runScenario" time="0.732">
    <error message="Cannot invoke &quot;com.pages.AccountPage.ClickOnContactUs()&quot; because &quot;this.accountPage&quot; is null" type="java.lang.NullPointerException">
      <![CDATA[java.lang.NullPointerException: Cannot invoke "com.pages.AccountPage.ClickOnContactUs()" because "this.accountPage" is null
at Parallel.ContactUsPageSteps.user_navigate_to_the_contact_us_page(ContactUsPageSteps.java:28)
at ✽.User Navigate to the contact us Page(classpath:Parallel/ContactUs.feature:4)
]]>
    </error>
  </testcase> <!-- runScenario -->
  <testcase classname="Parallel.TestNg_ParallelTestingTest" name="runScenario" time="0.738">
    <error message="Cannot invoke &quot;org.openqa.selenium.WebDriver.get(String)&quot; because the return value of &quot;com.qa.factory.DriverFactory.getDriver()&quot; is null" type="java.lang.NullPointerException">
      <![CDATA[java.lang.NullPointerException: Cannot invoke "org.openqa.selenium.WebDriver.get(String)" because the return value of "com.qa.factory.DriverFactory.getDriver()" is null
at Parallel.AccountPageSteps.user_is_already_logged_in_the_application(AccountPageSteps.java:24)
at ✽.User is already logged in the application(classpath:Parallel/MyAccount.feature:6)
]]>
    </error>
  </testcase> <!-- runScenario -->
  <testcase classname="Parallel.TestNg_ParallelTestingTest" name="runScenario" time="0.744">
    <error message="Cannot invoke &quot;org.openqa.selenium.WebDriver.get(String)&quot; because the return value of &quot;com.qa.factory.DriverFactory.getDriver()&quot; is null" type="java.lang.NullPointerException">
      <![CDATA[java.lang.NullPointerException: Cannot invoke "org.openqa.selenium.WebDriver.get(String)" because the return value of "com.qa.factory.DriverFactory.getDriver()" is null
at Parallel.LoginPageStep.userIsOnLoginPage(LoginPageStep.java:18)
at ✽.User is on login Page(classpath:Parallel/LoginPage.feature:5)
]]>
    </error>
  </testcase> <!-- runScenario -->
  <testcase classname="Parallel.TestNg_ParallelTestingTest" name="runScenario" time="0.726">
    <error message="Cannot invoke &quot;org.openqa.selenium.WebDriver.get(String)&quot; because the return value of &quot;com.qa.factory.DriverFactory.getDriver()&quot; is null" type="java.lang.NullPointerException">
      <![CDATA[java.lang.NullPointerException: Cannot invoke "org.openqa.selenium.WebDriver.get(String)" because the return value of "com.qa.factory.DriverFactory.getDriver()" is null
at Parallel.LoginPageStep.userIsOnLoginPage(LoginPageStep.java:18)
at ✽.User is on login Page(classpath:Parallel/LoginPage.feature:5)
]]>
    </error>
  </testcase> <!-- runScenario -->
  <testcase classname="Parallel.TestNg_ParallelTestingTest" name="runScenario" time="0.728">
    <error message="Cannot invoke &quot;com.pages.AccountPage.ClickOnContactUs()&quot; because &quot;this.accountPage&quot; is null" type="java.lang.NullPointerException">
      <![CDATA[java.lang.NullPointerException: Cannot invoke "com.pages.AccountPage.ClickOnContactUs()" because "this.accountPage" is null
at Parallel.ContactUsPageSteps.user_navigate_to_the_contact_us_page(ContactUsPageSteps.java:28)
at ✽.User Navigate to the contact us Page(classpath:Parallel/ContactUs.feature:4)
]]>
    </error>
  </testcase> <!-- runScenario -->
  <testcase classname="Parallel.TestNg_ParallelTestingTest" name="runScenario" time="0.724">
    <error message="Cannot invoke &quot;org.openqa.selenium.WebDriver.get(String)&quot; because the return value of &quot;com.qa.factory.DriverFactory.getDriver()&quot; is null" type="java.lang.NullPointerException">
      <![CDATA[java.lang.NullPointerException: Cannot invoke "org.openqa.selenium.WebDriver.get(String)" because the return value of "com.qa.factory.DriverFactory.getDriver()" is null
at Parallel.LoginPageStep.userIsOnLoginPage(LoginPageStep.java:18)
at ✽.User is on login Page(classpath:Parallel/LoginPage.feature:5)
]]>
    </error>
  </testcase> <!-- runScenario -->
</testsuite> <!-- Parallel.TestNg_ParallelTestingTest -->
